2010-10-12 16:49:56:0752607,1286898596752607,controller_started,1,<0.1096.0>
2010-10-12 16:49:56:0752987,1286898596752987,controller_started,2,<0.1097.0>
2010-10-12 16:49:56:0753295,1286898596753295,reset,1,closed,1
2010-10-12 16:49:56:0753614,1286898596753614,reset,2,closed,1
2010-10-12 16:49:59:0821147,1286898599821147,e_button,1,1
2010-10-12 16:49:59:0821539,1,open,1
2010-10-12 16:50:00:0173494,1286898600173494,e_button,1,2
2010-10-12 16:50:00:0821546,1286898600821546,close,1
2010-10-12 16:50:00:0821866,1286898600821866,move,1,up
2010-10-12 16:50:01:0213599,1286898601213599,e_button,2,1
2010-10-12 16:50:01:0213946,2,open,2
2010-10-12 16:50:01:0725282,1286898601725282,e_button,2,2
2010-10-12 16:50:01:0822515,1286898601822515,approaching,1,2
2010-10-12 16:50:01:0823159,1286898601823159,stopping,1
2010-10-12 16:50:02:0214074,1286898602214074,close,2
2010-10-12 16:50:02:0214403,1286898602214403,move,2,up
2010-10-12 16:50:02:0423064,1286898602423064,stopped_at,1,2
2010-10-12 16:50:02:0423377,1,open,1
2010-10-12 16:50:02:0581677,1286898602581677,e_button,2,3
2010-10-12 16:50:03:0216422,1286898603216422,approaching,2,2
2010-10-12 16:50:03:0216796,1286898603216796,stopping,2
2010-10-12 16:50:03:0423338,1286898603423338,close,1
2010-10-12 16:50:03:0817316,1286898603817316,stopped_at,2,2
2010-10-12 16:50:03:0817613,1286898603817613,open,2
2010-10-12 16:50:04:0053588,1286898604053588,e_button,1,4
2010-10-12 16:50:04:0053923,1286898604053923,move,1,up
2010-10-12 16:50:04:0817350,1286898604817350,close,2
2010-10-12 16:50:04:0817635,1286898604817635,move,2,up
2010-10-12 16:50:05:0055485,1286898605055485,approaching,1,3
2010-10-12 16:50:05:0117515,1286898605117515,e_button,1,1
2010-10-12 16:50:05:0818688,1286898605818688,approaching,2,3
2010-10-12 16:50:05:0819035,1286898605819035,stopping,2
2010-10-12 16:50:06:0418838,1286898606418838,stopped_at,2,3
2010-10-12 16:50:06:0419149,1286898606419149,open,2
2010-10-12 16:50:06:0613597,1286898606613597,e_button,2,3
2010-10-12 16:50:06:0656048,1286898606656048,approaching,1,4
2010-10-12 16:50:06:0656361,1286898606656361,stopping,1
2010-10-12 16:50:07:0053722,1286898607053722,e_button,2,2
2010-10-12 16:50:07:0256474,1286898607256474,stopped_at,1,4
2010-10-12 16:50:07:0256847,1286898607256847,open,1
2010-10-12 16:50:07:0419057,1286898607419057,close,2
2010-10-12 16:50:07:0419354,1286898607419354,move,2,down
2010-10-12 16:50:08:0257366,1286898608257366,close,1
2010-10-12 16:50:08:0257681,1286898608257681,move,1,down
2010-10-12 16:50:08:0420441,1286898608420441,approaching,2,2
2010-10-12 16:50:08:0420791,1286898608420791,stopping,2
2010-10-12 16:50:09:0022422,1286898609022422,stopped_at,2,2
2010-10-12 16:50:09:0022788,1286898609022788,open,2
2010-10-12 16:50:09:0258579,1286898609258579,approaching,1,3
2010-10-12 16:50:10:0022455,1286898610022455,close,2
2010-10-12 16:50:10:0859435,1286898610859435,approaching,1,2
2010-10-12 16:50:11:0294038,1286898611294038,e_button,2,1
2010-10-12 16:50:11:0294308,1286898611294308,move,2,down
2010-10-12 16:50:12:0295801,1286898612295801,approaching,2,1
2010-10-12 16:50:12:0296165,1286898612296165,stopping,2
2010-10-12 16:50:12:0460705,1286898612460705,approaching,1,1
2010-10-12 16:50:12:0461064,1286898612461064,stopping,1
2010-10-12 16:50:12:0782116,1286898612782116,e_button,1,4
2010-10-12 16:50:12:0895788,1286898612895788,stopped_at,2,1
2010-10-12 16:50:12:0896077,1286898612896077,open,2
2010-10-12 16:50:13:0061343,1286898613061343,stopped_at,1,1
2010-10-12 16:50:13:0061690,1286898613061690,open,1
2010-10-12 16:50:13:0896316,1286898613896316,close,2
2010-10-12 16:50:14:0062104,1286898614062104,close,1
2010-10-12 16:50:14:0062417,1286898614062417,move,1,up
2010-10-12 16:50:15:0063305,1286898615063305,approaching,1,2
2010-10-12 16:50:15:0182293,1286898615182293,e_button,2,2
2010-10-12 16:50:15:0182620,1286898615182620,move,2,up
2010-10-12 16:50:16:0006295,1286898616006295,e_button,2,3
2010-10-12 16:50:16:0184466,1286898616184466,approaching,2,2
2010-10-12 16:50:16:0184781,1286898616184781,stopping,2
2010-10-12 16:50:16:0582379,1286898616582379,e_button,2,1
2010-10-12 16:50:16:0664605,1286898616664605,approaching,1,3
2010-10-12 16:50:16:0784651,1286898616784651,stopped_at,2,2
2010-10-12 16:50:16:0784950,1286898616784950,open,2
2010-10-12 16:50:17:0366382,1286898617366382,e_button,1,4
2010-10-12 16:50:17:0784701,1286898617784701,close,2
2010-10-12 16:50:17:0785025,1286898617785025,move,2,up
2010-10-12 16:50:17:0926459,1286898617926459,e_button,1,3
2010-10-12 16:50:18:0266331,1286898618266331,approaching,1,4
2010-10-12 16:50:18:0266664,1286898618266664,stopping,1
2010-10-12 16:50:18:0630485,1286898618630485,e_button,1,1
2010-10-12 16:50:18:0787454,1286898618787454,approaching,2,3
2010-10-12 16:50:18:0787780,1286898618787780,stopping,2
2010-10-12 16:50:18:0866469,1286898618866469,stopped_at,1,4
2010-10-12 16:50:18:0866825,1286898618866825,open,1
2010-10-12 16:50:19:0387659,1286898619387659,stopped_at,2,3
2010-10-12 16:50:19:0388019,1286898619388019,open,2
2010-10-12 16:50:19:0866507,1286898619866507,close,1
2010-10-12 16:50:19:0866799,1286898619866799,move,1,down
2010-10-12 16:50:20:0388265,1286898620388265,close,2
2010-10-12 16:50:20:0388633,1286898620388633,move,2,down
2010-10-12 16:50:20:0868383,1286898620868383,approaching,1,3
2010-10-12 16:50:20:0868702,1286898620868702,stopping,1
2010-10-12 16:50:21:0389510,1286898621389510,approaching,2,2
2010-10-12 16:50:21:0468508,1286898621468508,stopped_at,1,3
2010-10-12 16:50:21:0468793,1286898621468793,open,1
2010-10-12 16:50:22:0468552,1286898622468552,close,1
2010-10-12 16:50:22:0468830,1286898622468830,move,1,down
2010-10-12 16:50:22:0991306,1286898622991306,approaching,2,1
2010-10-12 16:50:22:0991610,1286898622991610,stopping,2
2010-10-12 16:50:23:0471317,1286898623471317,approaching,1,2
2010-10-12 16:50:23:0592321,1286898623592321,stopped_at,2,1
2010-10-12 16:50:23:0592645,1286898623592645,open,2
2010-10-12 16:50:23:0614858,1286898623614858,e_button,1,2
2010-10-12 16:50:24:0592353,1286898624592353,close,2
2010-10-12 16:50:25:0072244,1286898625072244,approaching,1,1
2010-10-12 16:50:25:0072591,1286898625072591,stopping,1
2010-10-12 16:50:25:0366988,1286898625366988,e_button,2,2
2010-10-12 16:50:25:0367298,1286898625367298,move,2,up
2010-10-12 16:50:25:0673051,1286898625673051,stopped_at,1,1
2010-10-12 16:50:25:0673371,1286898625673371,open,1
2010-10-12 16:50:26:0111046,1286898626111046,e_button,2,1
2010-10-12 16:50:26:0369525,1286898626369525,approaching,2,2
2010-10-12 16:50:26:0369844,1286898626369844,stopping,2
2010-10-12 16:50:26:0673230,1286898626673230,close,1
2010-10-12 16:50:26:0673503,1286898626673503,move,1,up
2010-10-12 16:50:26:0970061,1286898626970061,stopped_at,2,2
2010-10-12 16:50:26:0970357,1286898626970357,open,2
2010-10-12 16:50:27:0675411,1286898627675411,approaching,1,2
2010-10-12 16:50:27:0675737,1286898627675737,stopping,1
2010-10-12 16:50:27:0970422,1286898627970422,close,2
2010-10-12 16:50:27:0970694,1286898627970694,move,2,down
2010-10-12 16:50:28:0167194,1286898628167194,e_button,2,3
2010-10-12 16:50:28:0276292,1286898628276292,stopped_at,1,2
2010-10-12 16:50:28:0276583,1286898628276583,open,1
2010-10-12 16:50:28:0971639,1286898628971639,approaching,2,1
2010-10-12 16:50:28:0971957,1286898628971957,stopping,2
2010-10-12 16:50:29:0151364,1286898629151364,e_button,2,1
2010-10-12 16:50:29:0276338,1286898629276338,close,1
2010-10-12 16:50:29:0572127,1286898629572127,stopped_at,2,1
2010-10-12 16:50:29:0572501,1286898629572501,open,2
2010-10-12 16:50:30:0255338,1286898630255338,e_button,2,4
2010-10-12 16:50:30:0572148,1286898630572148,close,2
2010-10-12 16:50:30:0572440,1286898630572440,move,2,up
2010-10-12 16:50:31:0063389,1286898631063389,e_button,1,2
2010-10-12 16:50:31:0063733,1286898631063733,open,1
2010-10-12 16:50:31:0573421,1286898631573421,approaching,2,2
2010-10-12 16:50:32:0063465,1286898632063465,close,1
2010-10-12 16:50:32:0215478,1286898632215478,e_button,1,3
2010-10-12 16:50:32:0215790,1286898632215790,move,1,up
2010-10-12 16:50:32:0783491,1286898632783491,e_button,1,1
2010-10-12 16:50:33:0174495,1286898633174495,approaching,2,3
2010-10-12 16:50:33:0174926,1286898633174926,stopping,2
2010-10-12 16:50:33:0216467,1286898633216467,approaching,1,3
2010-10-12 16:50:33:0216792,1286898633216792,stopping,1
2010-10-12 16:50:33:0407577,1286898633407577,e_button,1,4
2010-10-12 16:50:33:0776235,1286898633776235,stopped_at,2,3
2010-10-12 16:50:33:0776587,1286898633776587,open,2
2010-10-12 16:50:33:0817149,1286898633817149,stopped_at,1,3
2010-10-12 16:50:33:0817457,1286898633817457,open,1
2010-10-12 16:50:34:0777812,1286898634777812,close,2
2010-10-12 16:50:34:0778175,1286898634778175,move,2,up
2010-10-12 16:50:34:0817197,1286898634817197,close,1
2010-10-12 16:50:34:0817469,1286898634817469,move,1,down
2010-10-12 16:50:35:0779437,1286898635779437,approaching,2,4
2010-10-12 16:50:35:0779815,1286898635779815,stopping,2
2010-10-12 16:50:35:0818500,1286898635818500,approaching,1,2
2010-10-12 16:50:36:0379581,1286898636379581,stopped_at,2,4
2010-10-12 16:50:36:0379901,1286898636379901,open,2
2010-10-12 16:50:37:0379602,1286898637379602,close,2
2010-10-12 16:50:37:0419178,1286898637419178,approaching,1,1
2010-10-12 16:50:37:0419517,1286898637419517,stopping,1
2010-10-12 16:50:38:0019239,1286898638019239,stopped_at,1,1
2010-10-12 16:50:38:0019572,1286898638019572,open,1
2010-10-12 16:50:39:0019975,1286898639019975,close,1
2010-10-12 16:50:39:0020285,1286898639020285,move,1,up
2010-10-12 16:50:40:0020895,1286898640020895,approaching,1,2
2010-10-12 16:50:41:0621312,1286898641621312,approaching,1,3
2010-10-12 16:50:43:0221730,1286898643221730,approaching,1,4
2010-10-12 16:50:43:0222056,1286898643222056,stopping,1
2010-10-12 16:50:43:0821832,1286898643821832,stopped_at,1,4
2010-10-12 16:50:43:0822137,1286898643822137,open,1
2010-10-12 16:50:44:0821881,1286898644821881,close,1
