reqSMS,'2009-02-26 14:55:34:0602962',2,1,186
reqSMS,'2009-02-26 14:55:33:0471094',3,2,111
reqSMS,'2009-02-26 14:55:34:0761682',4,3,73
reqSMS,'2009-02-26 14:55:36:0898229',5,4,119
reqSMS,'2009-02-26 14:55:37:0156785',6,5,31
reqSMS,'2009-02-26 14:55:38:0907879',7,6,187
reqSMS,'2009-02-26 14:55:34:0971028',8,7,199
reqSMS,'2009-02-26 14:55:32:0421518',9,8,110
reqSMS,'2009-02-26 14:55:37:0189480',10,9,31
reqSMS,'2009-02-26 14:55:39:0961671',11,10,93
reqSMS,'2009-02-26 14:55:41:0217128',12,11,44
reqSMS,'2009-02-26 14:55:32:0072523',13,12,155
reqSMS,'2009-02-26 14:55:34:0032217',14,13,196
reqSMS,'2009-02-26 14:55:33:0718979',15,14,50
reqSMS,'2009-02-26 14:55:39:0569176',16,15,245
reqSMS,'2009-02-26 14:55:37:0765177',17,16,103
reqSMS,'2009-02-26 14:55:36:0841307',18,17,41
reqSMS,'2009-02-26 14:55:42:0866226',19,18,92
reqSMS,'2009-02-26 14:55:44:0856880',20,19,42
reqSMS,'2009-02-26 14:55:43:0603767',21,20,184
reqSMS,'2009-02-26 14:55:39:0921924',22,21,97
reqSMS,'2009-02-26 14:55:35:0341332',23,22,254
reqSMS,'2009-02-26 14:55:42:0697341',24,23,66
reqSMS,'2009-02-26 14:55:41:0566405',26,24,222
reqSMS,'2009-02-26 14:55:41:0420899',27,25,138
reqSMS,'2009-02-26 14:55:41:0901737',28,26,58
reqSMS,'2009-02-26 14:55:40:0252547',29,27,32
reqSMS,'2009-02-26 14:55:40:0080358',30,28,14
reqSMS,'2009-02-26 14:55:41:0805776',31,29,108
reqSMS,'2009-02-26 14:55:42:0218775',32,30,12
reqSMS,'2009-02-26 14:55:46:0748640',33,31,113
reqSMS,'2009-02-26 14:55:38:0903630',34,32,87
reqSMS,'2009-02-26 14:55:45:0113841',35,33,4
reqSMS,'2009-02-26 14:55:42:0276120',36,34,205
reqSMS,'2009-02-26 14:55:40:0793851',37,35,180
reqSMS,'2009-02-26 14:55:44:0837403',38,36,32
reqSMS,'2009-02-26 14:55:49:0306784',39,37,38
reqSMS,'2009-02-26 14:55:48:0250010',40,38,222
reqSMS,'2009-02-26 14:55:42:0919310',41,39,8
reqSMS,'2009-02-26 14:55:41:0256097',42,40,121
reqSMS,'2009-02-26 14:55:42:0317045',43,41,112
reqSMS,'2009-02-26 14:55:48:0113754',44,42,244
reqSMS,'2009-02-26 14:55:46:0966065',45,43,84
reqSMS,'2009-02-26 14:55:50:0236664',46,44,13
reqSMS,'2009-02-26 14:55:45:0654046',47,45,126
reqSMS,'2009-02-26 14:55:49:0554201',48,46,115
reqSMS,'2009-02-26 14:55:45:0866647',49,47,13
reqSMS,'2009-02-26 14:55:45:0050884',50,48,110
reqSMS,'2009-02-26 14:55:48:0967677',51,49,163
reqSMS,'2009-02-26 14:55:46:0910322',52,50,149
reqSMS,'2009-02-26 14:55:48:0700725',53,51,229
reqSMS,'2009-02-26 14:55:46:0248655',54,52,110
reqSMS,'2009-02-26 14:55:46:0928644',56,53,219
reqSMS,'2009-02-26 14:55:45:0498808',58,54,189
reqSMS,'2009-02-26 14:55:48:0405871',59,55,77
reqSMS,'2009-02-26 14:55:51:0643825',60,56,187
reqSMS,'2009-02-26 14:55:50:0384657',61,57,214
reqSMS,'2009-02-26 14:55:46:0223099',62,58,120
reqSMS,'2009-02-26 14:55:46:0510595',63,59,217
reqSMS,'2009-02-26 14:55:49:0043482',64,60,207
reqSMS,'2009-02-26 14:55:49:0692872',65,61,48
reqSMS,'2009-02-26 14:55:47:0520170',66,62,79
reqSMS,'2009-02-26 14:55:50:0960624',67,63,230
reqSMS,'2009-02-26 14:55:51:0745924',68,64,102
reqSMS,'2009-02-26 14:55:49:0116475',69,65,105
reqSMS,'2009-02-26 14:55:52:0650047',71,66,20
reqSMS,'2009-02-26 14:55:51:0623242',73,67,104
reqSMS,'2009-02-26 14:55:51:0329369',74,68,83
reqSMS,'2009-02-26 14:55:56:0330612',76,69,213
reqSMS,'2009-02-26 14:55:55:0224724',77,70,154
reqSMS,'2009-02-26 14:55:57:0580471',78,71,83
reqSMS,'2009-02-26 14:55:51:0518334',79,72,206
reqSMS,'2009-02-26 14:55:51:0922621',80,73,54
reqSMS,'2009-02-26 14:55:57:0177757',81,74,14
reqSMS,'2009-02-26 14:55:59:0279858',82,75,61
reqSMS,'2009-02-26 14:55:59:0643064',84,76,119
reqSMS,'2009-02-26 14:55:52:0951543',85,77,149
reqSMS,'2009-02-26 14:55:59:0020368',86,78,255
reqSMS,'2009-02-26 14:55:57:0417128',87,79,254
reqSMS,'2009-02-26 14:55:59:0171697',88,80,38
reqSMS,'2009-02-26 14:55:56:0649041',89,81,152
reqSMS,'2009-02-26 14:55:53:0960022',90,82,165
reqSMS,'2009-02-26 14:55:58:0939945',91,83,137
reqSMS,'2009-02-26 14:55:53:0091009',92,84,177
reqSMS,'2009-02-26 14:55:59:0920417',93,85,138
reqSMS,'2009-02-26 14:55:57:0965483',94,86,114
reqSMS,'2009-02-26 14:55:53:0386269',95,87,99
reqSMS,'2009-02-26 14:56:01:0778103',96,88,149
reqSMS,'2009-02-26 14:55:58:0089795',97,89,151
reqSMS,'2009-02-26 14:56:02:0332869',98,90,244
reqSMS,'2009-02-26 14:55:57:0901639',99,91,163
reqSMS,'2009-02-26 14:55:57:0597696',100,92,20
reqSMS,'2009-02-26 14:56:02:0317396',101,93,222
reqSMS,'2009-02-26 14:56:02:0150227',102,94,6
reqSMS,'2009-02-26 14:55:59:0253303',103,95,25
reqSMS,'2009-02-26 14:56:01:0941978',104,96,140
reqSMS,'2009-02-26 14:56:03:0810749',105,97,95
reqSMS,'2009-02-26 14:56:04:0241790',106,98,219
reqSMS,'2009-02-26 14:56:02:0697644',107,99,117
reqSMS,'2009-02-26 14:55:58:0989837',108,100,193
reqSMS,'2009-02-26 14:56:01:0483684',109,101,242
reqSMS,'2009-02-26 14:55:56:0473612',110,102,221
reqSMS,'2009-02-26 14:56:04:0771590',111,103,98
reqSMS,'2009-02-26 14:55:58:0276505',112,104,103
reqSMS,'2009-02-26 14:56:03:0055135',115,105,176
reqSMS,'2009-02-26 14:55:59:0944319',116,106,173
reqSMS,'2009-02-26 14:55:59:0691799',117,107,26
reqSMS,'2009-02-26 14:56:06:0441405',118,108,212
reqSMS,'2009-02-26 14:56:05:0983371',119,109,62
reqSMS,'2009-02-26 14:56:03:0483308',120,110,122
reqSMS,'2009-02-26 14:56:02:0858294',121,111,155
reqSMS,'2009-02-26 14:56:07:0320226',122,112,88
reqSMS,'2009-02-26 14:56:02:0213602',123,113,209
reqSMS,'2009-02-26 14:56:03:0315869',124,114,99
reqSMS,'2009-02-26 14:56:07:0673346',125,115,208
reqSMS,'2009-02-26 14:56:07:0951634',127,116,122
reqSMS,'2009-02-26 14:56:05:0575530',128,117,92
reqSMS,'2009-02-26 14:56:10:0494561',129,118,253
reqSMS,'2009-02-26 14:56:06:0146223',130,119,166
reqSMS,'2009-02-26 14:56:07:0701318',131,120,58
reqSMS,'2009-02-26 14:56:08:0759584',132,121,85
reqSMS,'2009-02-26 14:56:11:0353616',133,122,255
reqSMS,'2009-02-26 14:56:04:0131349',134,123,73
reqSMS,'2009-02-26 14:56:03:0960415',135,124,25
reqSMS,'2009-02-26 14:56:12:0735826',136,125,212
reqSMS,'2009-02-26 14:56:09:0105475',137,126,49
reqSMS,'2009-02-26 14:56:07:0982207',138,127,44
reqSMS,'2009-02-26 14:56:08:0714594',139,128,244
reqSMS,'2009-02-26 14:56:11:0365761',140,129,3
reqSMS,'2009-02-26 14:56:06:0882189',141,130,191
reqSMS,'2009-02-26 14:56:08:0230247',143,131,110
reqSMS,'2009-02-26 14:56:12:0998369',144,132,213
reqSMS,'2009-02-26 14:56:14:0271843',145,133,189
reqSMS,'2009-02-26 14:56:11:0705057',146,134,100
reqSMS,'2009-02-26 14:56:10:0341933',147,135,179
reqSMS,'2009-02-26 14:56:08:0442784',148,136,252
reqSMS,'2009-02-26 14:56:06:0668908',149,137,231
reqSMS,'2009-02-26 14:56:12:0848550',150,138,246
reqSMS,'2009-02-26 14:56:14:0157628',151,139,204
reqSMS,'2009-02-26 14:56:13:0609094',152,140,173
reqSMS,'2009-02-26 14:56:10:0344957',153,141,39
reqSMS,'2009-02-26 14:56:16:0940075',154,142,132
reqSMS,'2009-02-26 14:56:13:0414363',155,143,198
reqSMS,'2009-02-26 14:56:09:0958321',156,144,48
reqSMS,'2009-02-26 14:56:15:0964399',157,145,246
reqSMS,'2009-02-26 14:56:12:0531675',158,146,135
reqSMS,'2009-02-26 14:56:17:0082409',159,147,37
reqSMS,'2009-02-26 14:56:09:0278269',160,148,84
reqSMS,'2009-02-26 14:56:16:0046877',161,149,21
reqSMS,'2009-02-26 14:56:13:0885681',163,150,102
reqSMS,'2009-02-26 14:56:12:0181568',164,151,152
reqSMS,'2009-02-26 14:56:16:0765017',165,152,119
reqSMS,'2009-02-26 14:56:10:0709445',166,153,252
reqSMS,'2009-02-26 14:56:16:0784993',167,154,114
reqSMS,'2009-02-26 14:56:15:0911227',168,155,56
reqSMS,'2009-02-26 14:56:18:0427830',169,156,214
reqSMS,'2009-02-26 14:56:18:0487213',170,157,149
reqSMS,'2009-02-26 14:56:11:0262210',171,158,179
reqSMS,'2009-02-26 14:56:17:0340891',172,159,221
reqSMS,'2009-02-26 14:56:12:0273351',173,160,65
reqSMS,'2009-02-26 14:56:14:0962937',174,161,19
reqSMS,'2009-02-26 14:56:18:0299112',175,162,69
reqSMS,'2009-02-26 14:56:15:0678112',176,163,45
reqSMS,'2009-02-26 14:56:16:0706629',178,164,224
reqSMS,'2009-02-26 14:56:22:0416104',180,165,137
reqSMS,'2009-02-26 14:56:18:0564783',181,166,250
reqSMS,'2009-02-26 14:56:18:0985765',182,167,94
reqSMS,'2009-02-26 14:56:16:0514927',183,168,254
reqSMS,'2009-02-26 14:56:23:0329623',184,169,99
reqSMS,'2009-02-26 14:56:19:0054195',185,170,149
reqSMS,'2009-02-26 14:56:18:0469803',186,171,52
reqSMS,'2009-02-26 14:56:17:0259231',187,172,22
reqSMS,'2009-02-26 14:56:22:0902472',189,173,79
reqSMS,'2009-02-26 14:56:19:0653237',190,174,226
reqSMS,'2009-02-26 14:56:24:0083826',191,175,69
reqSMS,'2009-02-26 14:56:18:0377907',192,176,15
reqSMS,'2009-02-26 14:56:23:0298284',193,177,215
reqSMS,'2009-02-26 14:56:22:0165409',194,178,247
reqSMS,'2009-02-26 14:56:18:0892863',195,179,15
reqSMS,'2009-02-26 14:56:19:0851945',196,180,249
reqSMS,'2009-02-26 14:56:21:0892891',197,181,90
reqSMS,'2009-02-26 14:56:21:0351571',199,182,31
reqSMS,'2009-02-26 14:56:23:0697759',200,183,254
reqSMS,'2009-02-26 14:56:23:0690127',201,184,129
reqSMS,'2009-02-26 14:56:21:0887726',203,185,107
reqSMS,'2009-02-26 14:56:28:0971192',204,186,67
reqSMS,'2009-02-26 14:56:22:0564015',205,187,5
reqSMS,'2009-02-26 14:56:30:0466569',206,188,241
reqSMS,'2009-02-26 14:56:30:0977302',207,189,41
reqSMS,'2009-02-26 14:56:23:0519394',209,190,102
reqSMS,'2009-02-26 14:56:24:0185444',210,191,15
reqSMS,'2009-02-26 14:56:25:0393317',211,192,168
reqSMS,'2009-02-26 14:56:30:0100042',212,193,39
reqSMS,'2009-02-26 14:56:31:0960367',213,194,236
reqSMS,'2009-02-26 14:56:26:0770232',214,195,189
reqSMS,'2009-02-26 14:56:32:0050493',215,196,69
reqSMS,'2009-02-26 14:56:26:0147613',216,197,183
reqSMS,'2009-02-26 14:56:32:0944247',217,198,74
reqSMS,'2009-02-26 14:56:30:0686322',219,199,130
reqSMS,'2009-02-26 14:56:30:0917444',220,200,60
reqSMS,'2009-02-26 14:56:32:0409210',221,201,70
reqSMS,'2009-02-26 14:56:29:0744687',222,202,67
reqSMS,'2009-02-26 14:56:30:0281665',223,203,176
reqSMS,'2009-02-26 14:56:29:0440472',224,204,144
reqSMS,'2009-02-26 14:56:30:0510067',225,205,182
reqSMS,'2009-02-26 14:56:36:0503732',227,206,97
reqSMS,'2009-02-26 14:56:32:0655084',228,207,84
reqSMS,'2009-02-26 14:56:33:0173415',229,208,236
reqSMS,'2009-02-26 14:56:37:0235959',230,209,248
reqSMS,'2009-02-26 14:56:37:0945314',233,210,246
reqSMS,'2009-02-26 14:56:30:0700900',234,211,117
reqSMS,'2009-02-26 14:56:32:0292126',235,212,51
reqSMS,'2009-02-26 14:56:37:0049848',236,213,155
reqSMS,'2009-02-26 14:56:35:0681016',237,214,48
reqSMS,'2009-02-26 14:56:37:0107257',238,215,223
reqSMS,'2009-02-26 14:56:37:0775299',239,216,108
reqSMS,'2009-02-26 14:56:32:0988208',240,217,74
reqSMS,'2009-02-26 14:56:30:0405998',241,218,129
reqSMS,'2009-02-26 14:56:38:0493072',242,219,93
reqSMS,'2009-02-26 14:56:33:0765721',243,220,132
reqSMS,'2009-02-26 14:56:32:0233534',244,221,215
reqSMS,'2009-02-26 14:56:39:0005724',245,222,4
reqSMS,'2009-02-26 14:56:34:0551029',246,223,186
reqSMS,'2009-02-26 14:56:32:0534476',247,224,243
reqSMS,'2009-02-26 14:56:40:0787611',248,225,52
reqSMS,'2009-02-26 14:56:32:0587962',249,226,255
reqSMS,'2009-02-26 14:56:37:0236820',250,227,153
reqSMS,'2009-02-26 14:56:34:0436536',251,228,133
reqSMS,'2009-02-26 14:56:38:0536267',252,229,121
reqSMS,'2009-02-26 14:56:42:0119343',253,230,95
reqSMS,'2009-02-26 14:56:38:0132724',254,231,7
reqSMS,'2009-02-26 14:56:34:0700444',255,232,100
reqSMS,'2009-02-26 14:56:41:0152166',256,233,80
reqSMS,'2009-02-26 14:56:39:0485272',257,234,165
reqSMS,'2009-02-26 14:56:41:0172428',258,235,159
reqSMS,'2009-02-26 14:56:37:0201384',259,236,193
reqSMS,'2009-02-26 14:56:38:0266777',260,237,113
reqSMS,'2009-02-26 14:56:44:0695140',261,238,44
reqSMS,'2009-02-26 14:56:38:0179599',262,239,152
reqSMS,'2009-02-26 14:56:41:0294707',263,240,25
reqSMS,'2009-02-26 14:56:39:0538384',264,241,238
reqSMS,'2009-02-26 14:56:41:0330276',265,242,106
reqSMS,'2009-02-26 14:56:40:0397274',266,243,185
reqSMS,'2009-02-26 14:56:40:0134958',267,244,30
reqSMS,'2009-02-26 14:56:39:0808438',269,245,195
reqSMS,'2009-02-26 14:56:37:0466385',270,246,136
reqSMS,'2009-02-26 14:56:42:0630835',271,247,156
reqSMS,'2009-02-26 14:56:37:0945284',272,248,135
reqSMS,'2009-02-26 14:56:45:0795373',274,249,210
reqSMS,'2009-02-26 14:56:40:0077819',275,250,31
reqSMS,'2009-02-26 14:56:42:0458318',276,251,222
reqSMS,'2009-02-26 14:56:45:0939897',277,252,100
reqSMS,'2009-02-26 14:56:45:0738045',278,253,93
reqSMS,'2009-02-26 14:56:44:0207252',279,254,23
reqSMS,'2009-02-26 14:56:46:0939381',280,255,87
reqSMS,'2009-02-26 14:56:48:0272770',281,256,217
reqSMS,'2009-02-26 14:56:47:0727398',282,257,166
reqSMS,'2009-02-26 14:56:42:0064880',283,258,60
reqSMS,'2009-02-26 14:56:41:0480912',284,259,129
reqSMS,'2009-02-26 14:56:46:0540515',285,260,136
reqSMS,'2009-02-26 14:56:41:0175200',286,261,244
reqSMS,'2009-02-26 14:56:42:0810301',287,262,84
reqSMS,'2009-02-26 14:56:45:0794462',288,263,203
reqSMS,'2009-02-26 14:56:49:0579677',289,264,154
reqSMS,'2009-02-26 14:56:42:0276822',290,265,78
reqSMS,'2009-02-26 14:56:49:0651045',291,266,146
reqSMS,'2009-02-26 14:56:47:0934403',292,267,133
reqSMS,'2009-02-26 14:56:51:0788266',293,268,79
reqSMS,'2009-02-26 14:56:49:0644263',294,269,163
reqSMS,'2009-02-26 14:56:44:0319400',295,270,128
reqSMS,'2009-02-26 14:56:43:0502573',296,271,105
reqSMS,'2009-02-26 14:56:44:0085976',297,272,99
reqSMS,'2009-02-26 14:56:47:0711794',298,273,128
reqSMS,'2009-02-26 14:56:44:0432899',299,274,181
reqSMS,'2009-02-26 14:56:45:0646859',300,275,177
reqSMS,'2009-02-26 14:56:50:0977994',301,276,81
reqSMS,'2009-02-26 14:56:49:0703943',302,277,208
reqSMS,'2009-02-26 14:56:53:0265079',303,278,200
reqSMS,'2009-02-26 14:56:51:0843825',304,279,121
reqSMS,'2009-02-26 14:56:50:0502310',305,280,179
reqSMS,'2009-02-26 14:56:52:0984882',306,281,45
reqSMS,'2009-02-26 14:56:47:0762134',307,282,255
reqSMS,'2009-02-26 14:56:47:0137605',308,283,183
reqSMS,'2009-02-26 14:56:49:0354877',309,284,224
reqSMS,'2009-02-26 14:56:55:0994425',311,285,242
reqSMS,'2009-02-26 14:56:51:0944553',312,286,116
reqSMS,'2009-02-26 14:56:51:0004436',313,287,119
reqSMS,'2009-02-26 14:56:49:0801497',314,288,251
reqSMS,'2009-02-26 14:56:54:0490225',315,289,156
reqSMS,'2009-02-26 14:56:53:0347336',316,290,29
reqSMS,'2009-02-26 14:56:49:0390064',317,291,98
reqSMS,'2009-02-26 14:56:53:0412859',319,292,140
reqSMS,'2009-02-26 14:56:50:0491171',320,293,161
reqSMS,'2009-02-26 14:56:55:0703921',321,294,25
reqSMS,'2009-02-26 14:56:56:0141255',322,295,2
reqSMS,'2009-02-26 14:56:57:0687349',323,296,233
reqSMS,'2009-02-26 14:56:58:0882637',324,297,249
reqSMS,'2009-02-26 14:56:57:0549350',325,298,5
reqSMS,'2009-02-26 14:56:57:0407685',326,299,52
reqSMS,'2009-02-26 14:56:52:0641945',329,300,253
reqSMS,'2009-02-26 14:56:55:0785035',330,301,108
reqSMS,'2009-02-26 14:56:56:0566610',331,302,247
reqSMS,'2009-02-26 14:56:54:0417353',332,303,187
reqSMS,'2009-02-26 14:56:55:0285631',333,304,183
reqSMS,'2009-02-26 14:56:51:0046552',334,305,5
reqSMS,'2009-02-26 14:56:54:0254244',335,306,2
reqSMS,'2009-02-26 14:56:55:0480164',336,307,180
reqSMS,'2009-02-26 14:56:54:0381251',337,308,69
reqSMS,'2009-02-26 14:56:58:0261603',338,309,155
reqSMS,'2009-02-26 14:56:53:0906082',339,310,92
reqSMS,'2009-02-26 14:56:56:0226739',340,311,112
reqSMS,'2009-02-26 14:56:58:0912971',341,312,19
reqSMS,'2009-02-26 14:56:58:0105047',343,313,239
reqSMS,'2009-02-26 14:57:01:0390646',344,314,28
reqSMS,'2009-02-26 14:56:57:0401594',345,315,33
reqSMS,'2009-02-26 14:57:03:0937710',346,316,187
reqSMS,'2009-02-26 14:56:55:0826158',347,317,31
reqSMS,'2009-02-26 14:56:58:0039388',348,318,133
reqSMS,'2009-02-26 14:56:59:0291040',349,319,165
reqSMS,'2009-02-26 14:56:55:0132090',350,320,187
reqSMS,'2009-02-26 14:56:56:0374437',351,321,62
reqSMS,'2009-02-26 14:56:55:0125308',352,322,190
reqSMS,'2009-02-26 14:57:04:0983598',353,323,54
reqSMS,'2009-02-26 14:57:04:0667350',355,324,187
reqSMS,'2009-02-26 14:56:56:0867172',356,325,177
reqSMS,'2009-02-26 14:57:05:0710289',357,326,227
reqSMS,'2009-02-26 14:56:57:0858739',358,327,126
reqSMS,'2009-02-26 14:57:00:0255276',359,328,14
reqSMS,'2009-02-26 14:57:03:0577782',360,329,40
reqSMS,'2009-02-26 14:57:04:0266927',361,330,41
reqSMS,'2009-02-26 14:57:07:0931557',362,331,11
reqSMS,'2009-02-26 14:56:59:0799794',363,332,141
reqSMS,'2009-02-26 14:57:01:0408358',364,333,228
reqSMS,'2009-02-26 14:57:02:0641686',365,334,168
reqSMS,'2009-02-26 14:57:06:0788750',366,335,35
reqSMS,'2009-02-26 14:57:05:0460597',367,336,64
reqSMS,'2009-02-26 14:57:01:0466364',368,337,6
reqSMS,'2009-02-26 14:57:05:0011581',369,338,29
reqSMS,'2009-02-26 14:57:08:0728757',370,339,191
reqSMS,'2009-02-26 14:57:07:0459102',371,340,240
reqSMS,'2009-02-26 14:57:04:0181880',372,341,124
reqSMS,'2009-02-26 14:57:02:0422869',373,342,203
reqSMS,'2009-02-26 14:57:03:0524781',374,343,96
reqSMS,'2009-02-26 14:57:11:0408497',375,344,172
reqSMS,'2009-02-26 14:57:05:0378046',376,345,153
reqSMS,'2009-02-26 14:57:09:0755104',377,346,11
reqSMS,'2009-02-26 14:57:09:0545920',378,347,58
reqSMS,'2009-02-26 14:57:09:0158883',379,348,230
reqSMS,'2009-02-26 14:57:06:0919345',380,349,86
reqSMS,'2009-02-26 14:57:12:0402861',381,350,38
reqSMS,'2009-02-26 14:57:11:0888210',382,351,165
reqSMS,'2009-02-26 14:57:09:0211490',384,352,234
reqSMS,'2009-02-26 14:57:08:0953686',386,353,23
reqSMS,'2009-02-26 14:57:06:0065698',387,354,52
reqSMS,'2009-02-26 14:57:11:0262331',388,355,41
reqSMS,'2009-02-26 14:57:10:0809498',389,356,30
reqSMS,'2009-02-26 14:57:08:0958892',391,357,15
reqSMS,'2009-02-26 14:57:10:0244325',392,358,36
reqSMS,'2009-02-26 14:57:10:0211378',393,359,132
reqSMS,'2009-02-26 14:57:08:0217749',394,360,26
reqSMS,'2009-02-26 14:57:12:0141007',395,361,8
reqSMS,'2009-02-26 14:57:07:0882733',397,362,138
reqSMS,'2009-02-26 14:57:08:0796412',398,363,93
reqSMS,'2009-02-26 14:57:11:0566343',399,364,114
reqSMS,'2009-02-26 14:57:12:0334735',400,365,244
reqSMS,'2009-02-26 14:57:08:0620139',401,366,93
reqSMS,'2009-02-26 14:57:15:0999663',402,367,237
reqSMS,'2009-02-26 14:57:10:0270399',403,368,155
reqSMS,'2009-02-26 14:57:14:0141677',404,369,114
reqSMS,'2009-02-26 14:57:08:0217227',405,370,209
reqSMS,'2009-02-26 14:57:11:0885351',406,371,229
reqSMS,'2009-02-26 14:57:18:0818565',407,372,244
reqSMS,'2009-02-26 14:57:11:0486302',409,373,43
reqSMS,'2009-02-26 14:57:18:0623168',410,374,180
reqSMS,'2009-02-26 14:57:12:0007787',411,375,98
reqSMS,'2009-02-26 14:57:16:0948039',412,376,70
reqSMS,'2009-02-26 14:57:15:0986666',413,377,146
reqSMS,'2009-02-26 14:57:19:0083808',414,378,141
reqSMS,'2009-02-26 14:57:19:0423405',415,379,7
reqSMS,'2009-02-26 14:57:14:0886797',416,380,54
reqSMS,'2009-02-26 14:57:12:0710096',417,381,169
reqSMS,'2009-02-26 14:57:11:0802876',418,382,201
reqSMS,'2009-02-26 14:57:19:0297213',420,383,36
reqSMS,'2009-02-26 14:57:16:0678236',421,384,115
reqSMS,'2009-02-26 14:57:15:0220388',422,385,2
reqSMS,'2009-02-26 14:57:21:0435211',423,386,14
reqSMS,'2009-02-26 14:57:15:0906878',424,387,152
reqSMS,'2009-02-26 14:57:20:0100922',425,388,94
reqSMS,'2009-02-26 14:57:18:0629222',426,389,212
reqSMS,'2009-02-26 14:57:20:0907947',427,390,83
reqSMS,'2009-02-26 14:57:13:0725864',429,391,130
reqSMS,'2009-02-26 14:57:20:0248442',430,392,214
reqSMS,'2009-02-26 14:57:19:0639760',431,393,105
reqSMS,'2009-02-26 14:57:15:0153717',433,394,228
reqSMS,'2009-02-26 14:57:22:0246957',435,395,19
reqSMS,'2009-02-26 14:57:21:0109502',436,396,3
reqSMS,'2009-02-26 14:57:22:0010684',437,397,11
reqSMS,'2009-02-26 14:57:22:0253887',438,398,222
reqSMS,'2009-02-26 14:57:19:0542243',439,399,27
reqSMS,'2009-02-26 14:57:22:0642853',440,400,227
reqSMS,'2009-02-26 14:57:18:0684386',441,401,175
reqSMS,'2009-02-26 14:57:26:0446504',442,402,49
reqSMS,'2009-02-26 14:57:19:0383967',443,403,122
reqSMS,'2009-02-26 14:57:23:0196563',444,404,47
reqSMS,'2009-02-26 14:57:19:0266763',445,405,9
reqSMS,'2009-02-26 14:57:23:0399089',446,406,221
reqSMS,'2009-02-26 14:57:18:0269657',447,407,92
reqSMS,'2009-02-26 14:57:18:0380419',448,408,70
reqSMS,'2009-02-26 14:57:25:0396197',449,409,197
reqSMS,'2009-02-26 14:57:22:0957439',450,410,186
reqSMS,'2009-02-26 14:57:18:0982655',451,411,95
reqSMS,'2009-02-26 14:57:24:0495470',452,412,238
reqSMS,'2009-02-26 14:57:26:0234435',453,413,76
reqSMS,'2009-02-26 14:57:22:0871834',454,414,37
reqSMS,'2009-02-26 14:57:28:0296424',455,415,170
reqSMS,'2009-02-26 14:57:23:0534172',456,416,93
reqSMS,'2009-02-26 14:57:26:0480459',457,417,8
reqSMS,'2009-02-26 14:57:22:0626909',458,418,172
reqSMS,'2009-02-26 14:57:22:0887720',459,419,99
reqSMS,'2009-02-26 14:57:26:0617176',460,420,154
reqSMS,'2009-02-26 14:57:22:0607233',461,421,164
reqSMS,'2009-02-26 14:57:21:0021619',462,422,198
reqSMS,'2009-02-26 14:57:28:0388384',463,423,212
reqSMS,'2009-02-26 14:57:31:0111414',464,424,30
reqSMS,'2009-02-26 14:57:31:0717799',465,425,184
reqSMS,'2009-02-26 14:57:25:0345317',466,426,232
reqSMS,'2009-02-26 14:57:27:0864562',467,427,120
reqSMS,'2009-02-26 14:57:27:0766162',468,428,28
reqSMS,'2009-02-26 14:57:24:0067650',469,429,222
reqSMS,'2009-02-26 14:57:27:0847671',471,430,66
reqSMS,'2009-02-26 14:57:25:0163803',472,431,46
reqSMS,'2009-02-26 14:57:25:0282001',473,432,7
reqSMS,'2009-02-26 14:57:30:0939451',474,433,70
reqSMS,'2009-02-26 14:57:33:0582150',475,434,106
reqSMS,'2009-02-26 14:57:34:0523136',476,435,17
reqSMS,'2009-02-26 14:57:34:0438304',477,436,37
reqSMS,'2009-02-26 14:57:32:0537252',478,437,35
reqSMS,'2009-02-26 14:57:27:0651896',479,438,218
reqSMS,'2009-02-26 14:57:31:0042990',481,439,140
reqSMS,'2009-02-26 14:57:31:0236645',482,440,150
reqSMS,'2009-02-26 14:57:30:0940886',483,441,30
reqSMS,'2009-02-26 14:57:32:0344038',484,442,197
reqSMS,'2009-02-26 14:57:34:0240486',485,443,209
reqSMS,'2009-02-26 14:57:31:0195544',486,444,143
reqSMS,'2009-02-26 14:57:33:0268703',487,445,66
reqSMS,'2009-02-26 14:57:33:0532498',488,446,61
reqSMS,'2009-02-26 14:57:30:0247061',489,447,244
reqSMS,'2009-02-26 14:57:31:0609741',490,448,96
reqSMS,'2009-02-26 14:57:33:0557655',491,449,29
reqSMS,'2009-02-26 14:57:36:0227570',492,450,107
reqSMS,'2009-02-26 14:57:40:0812099',493,451,52
reqSMS,'2009-02-26 14:57:32:0546886',494,452,17
reqSMS,'2009-02-26 14:57:37:0295357',495,453,192
reqSMS,'2009-02-26 14:57:38:0213635',496,454,124
reqSMS,'2009-02-26 14:57:40:0825293',498,455,56
reqSMS,'2009-02-26 14:57:37:0137751',499,456,108
reqSMS,'2009-02-26 14:57:40:0186605',500,457,193
